<?xml version="1.0" encoding="UTF-8"?>
<!-- Generated by org.testng.reporters.JUnitXMLReporter -->
<testsuite ignored="0" hostname="LAPTOP-0RPVKTO3" failures="0" tests="11" name="Default test" time="8.393" errors="0" timestamp="2025-06-26T20:30:03 IST">
  <testcase classname="Com.nonBDD.GetAssuredNonBDD" name="GetRequest" time="2.276"/>
  <testcase classname="Com.nonBDD.GetAssuredNonBDD" name="PostRequest" time="0.886"/>
  <testcase classname="Com.nonBDD.GetAssuredNonBDD" name="PutRequest" time="0.936"/>
  <testcase classname="Com.nonBDD.GetAssuredNonBDD" name="DeleteRequest" time="0.894"/>
  <testcase classname="Com.nonBDD.GetAssuredNonBDD" name="VerifyTimeForGetRequest" time="0.211"/>
  <testcase classname="Com.nonBDD.GetAssuredNonBDD" name="VerifyInvalidStatusCode" time="0.26"/>
  <testcase classname="Com.nonBDD.GetAssuredNonBDD" name="Verify_Authentication_Without_Credentials" time="0.551"/>
  <testcase classname="Com.nonBDD.GetAssuredNonBDD" name="Verify_Query_Parameters" time="0.228"/>
  <testcase classname="Com.nonBDD.GetAssuredNonBDD" name="Verify_Response_header" time="0.24"/>
  <testcase classname="Com.nonBDD.GetAssuredNonBDD" name="InvalidPostData" time="1.228"/>
  <testcase classname="Com.nonBDD.GetAssuredNonBDD" name="Valid_Login_Post_Data" time="0.621"/>
</testsuite> <!-- Default test -->
